Using pre-set license
Built from '2021.1/staging' branch; Version is '2021.1.3f1 (4bef613afd59) revision 4976481'; Using compiler version '192528614'; Build Type 'Release'
OS: 'Windows 10 Pro; OS build 18362.1139; Version 1903; 64bit' Language: 'en' Physical Memory: 8067 MB
BatchMode: 1, IsHumanControllingUs: 0, StartBugReporterOnCrash: 0, Is64bit: 1, IsPro: 0

 COMMAND LINE ARGUMENTS:
C:\Program Files\Unity 2021.1.3f1\Editor\Unity.exe
-adb2
-batchMode
-noUpm
-name
AssetImportWorker2
-projectPath
D:/LEVEL 3/semester2/Graphics/Unity/2D/Cube game
-logFile
Logs/AssetImportWorker2.log
-srvPort
58725
Successfully changed project path to: D:/LEVEL 3/semester2/Graphics/Unity/2D/Cube game
D:/LEVEL 3/semester2/Graphics/Unity/2D/Cube game
Using Asset Import Pipeline V2.
Refreshing native plugins compatible for Editor in 126.96 ms, found 2 plugins.
Preloading 0 native plugins for Editor in 0.00 ms.
Initialize engine version: 2021.1.3f1 (4bef613afd59)
[Subsystems] Discovering subsystems at path C:/Program Files/Unity 2021.1.3f1/Editor/Data/Resources/UnitySubsystems
[Subsystems] Discovering subsystems at path D:/LEVEL 3/semester2/Graphics/Unity/2D/Cube game/Assets
GfxDevice: creating device client; threaded=0; jobified=0
Direct3D:
    Version:  Direct3D 11.0 [level 11.1]
    Renderer: AMD Radeon R7 M260X (ID=0x6605)
    Vendor:   ATI
    VRAM:     1004 MB
    Driver:   23.20.15018.1002
Initialize mono
Mono path[0] = 'C:/Program Files/Unity 2021.1.3f1/Editor/Data/Managed'
Mono path[1] = 'C:/Program Files/Unity 2021.1.3f1/Editor/Data/MonoBleedingEdge/lib/mono/unityjit'
Mono config path = 'C:/Program Files/Unity 2021.1.3f1/Editor/Data/MonoBleedingEdge/etc'
Using monoOptions --debugger-agent=transport=dt_socket,embedding=1,server=y,suspend=n,address=127.0.0.1:56744
Begin MonoManager ReloadAssembly
Registering precompiled unity dll's ...
Register platform support module: C:/Program Files/Unity 2021.1.3f1/Editor/Data/PlaybackEngines/WindowsStandaloneSupport/UnityEditor.WindowsStandalone.Extensions.dll
Registered in 0.002746 seconds.
Native extension for WindowsStandalone target not found
Refreshing native plugins compatible for Editor in 139.65 ms, found 2 plugins.
Preloading 0 native plugins for Editor in 0.00 ms.
Mono: successfully reloaded assembly
- Completed reload, in  1.633 seconds
Platform modules already initialized, skipping
Registering precompiled user dll's ...
Registered in 0.003005 seconds.
Begin MonoManager ReloadAssembly
Native extension for WindowsStandalone target not found
Refreshing native plugins compatible for Editor in 192.92 ms, found 2 plugins.
Preloading 0 native plugins for Editor in 0.00 ms.
Mono: successfully reloaded assembly
- Completed reload, in  2.549 seconds
Platform modules already initialized, skipping
========================================================================
Worker process is ready to serve import requests
Launched and connected shader compiler UnityShaderCompiler.exe after 0.56 seconds
Refreshing native plugins compatible for Editor in 1.19 ms, found 2 plugins.
Preloading 0 native plugins for Editor in 0.00 ms.
Unloading 3377 Unused Serialized files (Serialized files now loaded: 0)
System memory in use before: 128.3 MB.
System memory in use after: 128.3 MB.

Unloading 29 unused Assets to reduce memory usage. Loaded Objects now: 3832.
Total: 3.915600 ms (FindLiveObjects: 0.572600 ms CreateObjectMapping: 0.327500 ms MarkObjects: 2.867100 ms  DeleteObjects: 0.147000 ms)

========================================================================
Received Import Request.
  path: Assets/Scenes/Menu.unity
  artifactKey: Guid(cb31c56b960525945bf198fb5dab22df) Importer(815301076,1909f56bfc062723c751e8b465ee728b)
Start importing Assets/Scenes/Menu.unity using Guid(cb31c56b960525945bf198fb5dab22df) Importer(815301076,1909f56bfc062723c751e8b465ee728b)  -> (artifact id: 'a41a3dd7435a8b80c80abb3d147455e1') in 0.061244 seconds 
========================================================================
Received Import Request.
  Time since last request: 279.587780 seconds.
  path: Assets/Sprites/Materials
  artifactKey: Guid(56e8b878640067b49b9f501b1e477e3a) Importer(815301076,1909f56bfc062723c751e8b465ee728b)
Start importing Assets/Sprites/Materials using Guid(56e8b878640067b49b9f501b1e477e3a) Importer(815301076,1909f56bfc062723c751e8b465ee728b)  -> (artifact id: '4dc3092cadd1e035830d9348fa9794fc') in 0.020619 seconds 
========================================================================
Received Import Request.
  Time since last request: 0.046150 seconds.
  path: Assets/Sprites/Materials/Player.mat
  artifactKey: Guid(af7d73130b23f58408b29a0b7f18aa93) Importer(815301076,1909f56bfc062723c751e8b465ee728b)
Start importing Assets/Sprites/Materials/Player.mat using Guid(af7d73130b23f58408b29a0b7f18aa93) Importer(815301076,1909f56bfc062723c751e8b465ee728b)  -> (artifact id: 'f2d2cff8522fd0a5e91fbe9bf69e1784') in 1.647408 seconds 
========================================================================
Received Import Request.
  Time since last request: 0.000447 seconds.
  path: Assets/Sprites/Materials/Spike.mat
  artifactKey: Guid(0204332bd7e54864ba38e85d908f6750) Importer(815301076,1909f56bfc062723c751e8b465ee728b)
Start importing Assets/Sprites/Materials/Spike.mat using Guid(0204332bd7e54864ba38e85d908f6750) Importer(815301076,1909f56bfc062723c751e8b465ee728b)  -> (artifact id: '64854260f01e94702a9a78d5f86dfe22') in 0.567279 seconds 
========================================================================
Received Import Request.
  Time since last request: 4.271058 seconds.
  path: Assets/Prefabs/Player.prefab
  artifactKey: Guid(aed1d61c1eb8b46c093d1ccbf35d8e81) Importer(815301076,1909f56bfc062723c751e8b465ee728b)
Start importing Assets/Prefabs/Player.prefab using Guid(aed1d61c1eb8b46c093d1ccbf35d8e81) Importer(815301076,1909f56bfc062723c751e8b465ee728b)  -> (artifact id: '1e655c04a25f7f4c18029758962ee50c') in 0.383266 seconds 
========================================================================
Received Import Request.
  Time since last request: 337.393074 seconds.
  path: ProjectSettings/TagManager.asset
  artifactKey: Guid(00000000000000003000000000000000) Importer(815301076,1909f56bfc062723c751e8b465ee728b)
Start importing ProjectSettings/TagManager.asset using Guid(00000000000000003000000000000000) Importer(815301076,1909f56bfc062723c751e8b465ee728b)  -> (artifact id: 'd4546771b836ee6f0a530c9ea07b433b') in 0.019251 seconds 
========================================================================
Received Prepare
Registering precompiled user dll's ...
Registered in 0.004472 seconds.
Begin MonoManager ReloadAssembly
Native extension for WindowsStandalone target not found
Refreshing native plugins compatible for Editor in 0.80 ms, found 2 plugins.
Preloading 0 native plugins for Editor in 0.00 ms.
Mono: successfully reloaded assembly
- Completed reload, in  1.913 seconds
Platform modules already initialized, skipping
Refreshing native plugins compatible for Editor in 0.79 ms, found 2 plugins.
Preloading 0 native plugins for Editor in 0.00 ms.
Unloading 3419 Unused Serialized files (Serialized files now loaded: 0)
System memory in use before: 135.0 MB.
System memory in use after: 134.5 MB.

Unloading 31 unused Assets to reduce memory usage. Loaded Objects now: 3910.
Total: 5.859200 ms (FindLiveObjects: 0.680800 ms CreateObjectMapping: 0.291600 ms MarkObjects: 3.633900 ms  DeleteObjects: 1.250300 ms)

========================================================================
Received Import Request.
  Time since last request: 1691.466045 seconds.
  path: Assets/TextMesh Pro
  artifactKey: Guid(f54d1bd14bd3ca042bd867b519fee8cc) Importer(815301076,1909f56bfc062723c751e8b465ee728b)
Start importing Assets/TextMesh Pro using Guid(f54d1bd14bd3ca042bd867b519fee8cc) Importer(815301076,1909f56bfc062723c751e8b465ee728b)  -> (artifact id: '14ec0cbf3094e6ca8a4e65f93b63fe0f') in 0.025992 seconds 
========================================================================
Received Import Request.
  Time since last request: 4.771814 seconds.
  path: Assets/TextMesh Pro/Examples & Extras
  artifactKey: Guid(ce51c8e33b734b4db6086586558c53a3) Importer(815301076,1909f56bfc062723c751e8b465ee728b)
Start importing Assets/TextMesh Pro/Examples & Extras using Guid(ce51c8e33b734b4db6086586558c53a3) Importer(815301076,1909f56bfc062723c751e8b465ee728b)  -> (artifact id: '2a84a6de897e826947df87cd2460531b') in 0.012620 seconds 
========================================================================
Received Prepare
Registering precompiled user dll's ...
Registered in 0.004071 seconds.
Begin MonoManager ReloadAssembly
Native extension for WindowsStandalone target not found
Refreshing native plugins compatible for Editor in 0.79 ms, found 2 plugins.
Preloading 0 native plugins for Editor in 0.00 ms.
Mono: successfully reloaded assembly
- Completed reload, in  1.694 seconds
Platform modules already initialized, skipping
Refreshing native plugins compatible for Editor in 0.85 ms, found 2 plugins.
Preloading 0 native plugins for Editor in 0.00 ms.
Unloading 3419 Unused Serialized files (Serialized files now loaded: 0)
System memory in use before: 135.1 MB.
System memory in use after: 134.6 MB.

Unloading 30 unused Assets to reduce memory usage. Loaded Objects now: 3914.
Total: 6.440900 ms (FindLiveObjects: 0.598000 ms CreateObjectMapping: 0.252300 ms MarkObjects: 3.961200 ms  DeleteObjects: 1.316700 ms)

========================================================================
Received Prepare
Registering precompiled user dll's ...
Registered in 0.005151 seconds.
Begin MonoManager ReloadAssembly
Native extension for WindowsStandalone target not found
Refreshing native plugins compatible for Editor in 0.73 ms, found 2 plugins.
Preloading 0 native plugins for Editor in 0.00 ms.
Mono: successfully reloaded assembly
- Completed reload, in  1.273 seconds
Platform modules already initialized, skipping
Refreshing native plugins compatible for Editor in 0.83 ms, found 2 plugins.
Preloading 0 native plugins for Editor in 0.00 ms.
Unloading 3419 Unused Serialized files (Serialized files now loaded: 0)
System memory in use before: 135.1 MB.
System memory in use after: 134.6 MB.

Unloading 30 unused Assets to reduce memory usage. Loaded Objects now: 3918.
Total: 3.460200 ms (FindLiveObjects: 0.433300 ms CreateObjectMapping: 0.227700 ms MarkObjects: 2.443900 ms  DeleteObjects: 0.353900 ms)

========================================================================
Received Prepare
Registering precompiled user dll's ...
Registered in 0.005800 seconds.
Begin MonoManager ReloadAssembly
Native extension for WindowsStandalone target not found
Refreshing native plugins compatible for Editor in 0.68 ms, found 2 plugins.
Preloading 0 native plugins for Editor in 0.00 ms.
Mono: successfully reloaded assembly
- Completed reload, in  1.241 seconds
Platform modules already initialized, skipping
Refreshing native plugins compatible for Editor in 0.83 ms, found 2 plugins.
Preloading 0 native plugins for Editor in 0.00 ms.
Unloading 3419 Unused Serialized files (Serialized files now loaded: 0)
System memory in use before: 135.2 MB.
System memory in use after: 134.6 MB.

Unloading 30 unused Assets to reduce memory usage. Loaded Objects now: 3922.
Total: 3.212500 ms (FindLiveObjects: 0.335300 ms CreateObjectMapping: 0.173600 ms MarkObjects: 2.351200 ms  DeleteObjects: 0.350900 ms)

========================================================================
Received Prepare
Registering precompiled user dll's ...
Registered in 0.003815 seconds.
Begin MonoManager ReloadAssembly
Native extension for WindowsStandalone target not found
Refreshing native plugins compatible for Editor in 0.88 ms, found 2 plugins.
Preloading 0 native plugins for Editor in 0.00 ms.
Mono: successfully reloaded assembly
- Completed reload, in  2.138 seconds
Platform modules already initialized, skipping
Refreshing native plugins compatible for Editor in 0.86 ms, found 2 plugins.
Preloading 0 native plugins for Editor in 0.00 ms.
Unloading 3419 Unused Serialized files (Serialized files now loaded: 0)
System memory in use before: 135.2 MB.
System memory in use after: 134.6 MB.

Unloading 30 unused Assets to reduce memory usage. Loaded Objects now: 3926.
Total: 4.820300 ms (FindLiveObjects: 0.478000 ms CreateObjectMapping: 0.505500 ms MarkObjects: 3.304800 ms  DeleteObjects: 0.529800 ms)

========================================================================
Received Prepare
Registering precompiled user dll's ...
Registered in 0.003195 seconds.
Begin MonoManager ReloadAssembly
Native extension for WindowsStandalone target not found
Refreshing native plugins compatible for Editor in 0.90 ms, found 2 plugins.
Preloading 0 native plugins for Editor in 0.00 ms.
Mono: successfully reloaded assembly
- Completed reload, in  2.059 seconds
Platform modules already initialized, skipping
Refreshing native plugins compatible for Editor in 1.29 ms, found 2 plugins.
Preloading 0 native plugins for Editor in 0.00 ms.
Unloading 3419 Unused Serialized files (Serialized files now loaded: 0)
System memory in use before: 135.2 MB.
System memory in use after: 134.6 MB.

Unloading 30 unused Assets to reduce memory usage. Loaded Objects now: 3930.
Total: 5.160100 ms (FindLiveObjects: 0.360100 ms CreateObjectMapping: 0.189200 ms MarkObjects: 4.158800 ms  DeleteObjects: 0.450000 ms)

========================================================================
Received Prepare
Registering precompiled user dll's ...
Registered in 0.002935 seconds.
Begin MonoManager ReloadAssembly
Native extension for WindowsStandalone target not found
Refreshing native plugins compatible for Editor in 0.88 ms, found 2 plugins.
Preloading 0 native plugins for Editor in 0.00 ms.
Mono: successfully reloaded assembly
- Completed reload, in  1.894 seconds
Platform modules already initialized, skipping
Refreshing native plugins compatible for Editor in 2.53 ms, found 2 plugins.
Preloading 0 native plugins for Editor in 0.00 ms.
Unloading 3419 Unused Serialized files (Serialized files now loaded: 0)
System memory in use before: 135.2 MB.
System memory in use after: 134.7 MB.

Unloading 30 unused Assets to reduce memory usage. Loaded Objects now: 3934.
Total: 5.205800 ms (FindLiveObjects: 0.590900 ms CreateObjectMapping: 0.451100 ms MarkObjects: 3.677600 ms  DeleteObjects: 0.484300 ms)

========================================================================
Received Prepare
Registering precompiled user dll's ...
Registered in 0.006226 seconds.
Begin MonoManager ReloadAssembly
Native extension for WindowsStandalone target not found
Refreshing native plugins compatible for Editor in 0.75 ms, found 2 plugins.
Preloading 0 native plugins for Editor in 0.00 ms.
Mono: successfully reloaded assembly
- Completed reload, in  1.196 seconds
Platform modules already initialized, skipping
Refreshing native plugins compatible for Editor in 0.94 ms, found 2 plugins.
Preloading 0 native plugins for Editor in 0.00 ms.
Unloading 3419 Unused Serialized files (Serialized files now loaded: 0)
System memory in use before: 135.2 MB.
System memory in use after: 134.7 MB.

Unloading 30 unused Assets to reduce memory usage. Loaded Objects now: 3938.
Total: 3.210200 ms (FindLiveObjects: 0.338900 ms CreateObjectMapping: 0.180700 ms MarkObjects: 2.334100 ms  DeleteObjects: 0.355300 ms)

========================================================================
Received Prepare
Registering precompiled user dll's ...
Registered in 0.005051 seconds.
Begin MonoManager ReloadAssembly
Native extension for WindowsStandalone target not found
Refreshing native plugins compatible for Editor in 1.12 ms, found 2 plugins.
Preloading 0 native plugins for Editor in 0.00 ms.
Mono: successfully reloaded assembly
- Completed reload, in  1.305 seconds
Platform modules already initialized, skipping
Refreshing native plugins compatible for Editor in 0.82 ms, found 2 plugins.
Preloading 0 native plugins for Editor in 0.00 ms.
Unloading 3419 Unused Serialized files (Serialized files now loaded: 0)
System memory in use before: 135.2 MB.
System memory in use after: 134.7 MB.

Unloading 30 unused Assets to reduce memory usage. Loaded Objects now: 3942.
Total: 3.976600 ms (FindLiveObjects: 0.347900 ms CreateObjectMapping: 0.176700 ms MarkObjects: 3.027100 ms  DeleteObjects: 0.423500 ms)

========================================================================
Received Prepare
Registering precompiled user dll's ...
Registered in 0.003798 seconds.
Begin MonoManager ReloadAssembly
Native extension for WindowsStandalone target not found
Refreshing native plugins compatible for Editor in 1.50 ms, found 2 plugins.
Preloading 0 native plugins for Editor in 0.00 ms.
Mono: successfully reloaded assembly
- Completed reload, in  1.944 seconds
Platform modules already initialized, skipping
Refreshing native plugins compatible for Editor in 1.61 ms, found 2 plugins.
Preloading 0 native plugins for Editor in 0.00 ms.
Unloading 3419 Unused Serialized files (Serialized files now loaded: 0)
System memory in use before: 135.2 MB.
System memory in use after: 134.7 MB.

Unloading 30 unused Assets to reduce memory usage. Loaded Objects now: 3946.
Total: 5.579400 ms (FindLiveObjects: 0.328300 ms CreateObjectMapping: 0.183400 ms MarkObjects: 4.577600 ms  DeleteObjects: 0.488200 ms)

========================================================================
Received Prepare
Registering precompiled user dll's ...
Registered in 0.005272 seconds.
Begin MonoManager ReloadAssembly
Native extension for WindowsStandalone target not found
Refreshing native plugins compatible for Editor in 1.22 ms, found 2 plugins.
Preloading 0 native plugins for Editor in 0.00 ms.
Mono: successfully reloaded assembly
- Completed reload, in  1.271 seconds
Platform modules already initialized, skipping
Refreshing native plugins compatible for Editor in 0.81 ms, found 2 plugins.
Preloading 0 native plugins for Editor in 0.00 ms.
Unloading 3419 Unused Serialized files (Serialized files now loaded: 0)
System memory in use before: 135.2 MB.
System memory in use after: 134.7 MB.

Unloading 30 unused Assets to reduce memory usage. Loaded Objects now: 3950.
Total: 3.410100 ms (FindLiveObjects: 0.401100 ms CreateObjectMapping: 0.180600 ms MarkObjects: 2.465300 ms  DeleteObjects: 0.361500 ms)

========================================================================
Received Prepare
Registering precompiled user dll's ...
Registered in 0.004800 seconds.
Begin MonoManager ReloadAssembly
Native extension for WindowsStandalone target not found
Refreshing native plugins compatible for Editor in 1.18 ms, found 2 plugins.
Preloading 0 native plugins for Editor in 0.00 ms.
Mono: successfully reloaded assembly
- Completed reload, in  1.746 seconds
Platform modules already initialized, skipping
Refreshing native plugins compatible for Editor in 0.94 ms, found 2 plugins.
Preloading 0 native plugins for Editor in 0.00 ms.
Unloading 3419 Unused Serialized files (Serialized files now loaded: 0)
System memory in use before: 135.3 MB.
System memory in use after: 134.7 MB.

Unloading 30 unused Assets to reduce memory usage. Loaded Objects now: 3954.
Total: 4.367600 ms (FindLiveObjects: 0.530400 ms CreateObjectMapping: 0.367500 ms MarkObjects: 2.863700 ms  DeleteObjects: 0.604100 ms)

========================================================================
Received Prepare
Registering precompiled user dll's ...
Registered in 0.005380 seconds.
Begin MonoManager ReloadAssembly
Native extension for WindowsStandalone target not found
Refreshing native plugins compatible for Editor in 0.74 ms, found 2 plugins.
Preloading 0 native plugins for Editor in 0.00 ms.
Mono: successfully reloaded assembly
- Completed reload, in  1.296 seconds
Platform modules already initialized, skipping
Refreshing native plugins compatible for Editor in 0.80 ms, found 2 plugins.
Preloading 0 native plugins for Editor in 0.00 ms.
Unloading 3419 Unused Serialized files (Serialized files now loaded: 0)
System memory in use before: 135.3 MB.
System memory in use after: 134.7 MB.

Unloading 30 unused Assets to reduce memory usage. Loaded Objects now: 3958.
Total: 3.559100 ms (FindLiveObjects: 0.339600 ms CreateObjectMapping: 0.171500 ms MarkObjects: 2.678200 ms  DeleteObjects: 0.368600 ms)

========================================================================
Received Prepare
Registering precompiled user dll's ...
Registered in 0.004166 seconds.
Begin MonoManager ReloadAssembly
Native extension for WindowsStandalone target not found
Refreshing native plugins compatible for Editor in 1.30 ms, found 2 plugins.
Preloading 0 native plugins for Editor in 0.00 ms.
Mono: successfully reloaded assembly
- Completed reload, in  1.342 seconds
Platform modules already initialized, skipping
Refreshing native plugins compatible for Editor in 0.80 ms, found 2 plugins.
Preloading 0 native plugins for Editor in 0.00 ms.
Unloading 3419 Unused Serialized files (Serialized files now loaded: 0)
System memory in use before: 135.3 MB.
System memory in use after: 134.7 MB.

Unloading 30 unused Assets to reduce memory usage. Loaded Objects now: 3962.
Total: 3.827700 ms (FindLiveObjects: 0.297500 ms CreateObjectMapping: 0.174300 ms MarkObjects: 2.912000 ms  DeleteObjects: 0.442400 ms)

========================================================================
Received Prepare
Registering precompiled user dll's ...
Registered in 0.005319 seconds.
Begin MonoManager ReloadAssembly
Native extension for WindowsStandalone target not found
Refreshing native plugins compatible for Editor in 1.08 ms, found 2 plugins.
Preloading 0 native plugins for Editor in 0.00 ms.
Mono: successfully reloaded assembly
- Completed reload, in  1.396 seconds
Platform modules already initialized, skipping
Refreshing native plugins compatible for Editor in 0.87 ms, found 2 plugins.
Preloading 0 native plugins for Editor in 0.00 ms.
Unloading 3419 Unused Serialized files (Serialized files now loaded: 0)
System memory in use before: 135.3 MB.
System memory in use after: 134.7 MB.

Unloading 30 unused Assets to reduce memory usage. Loaded Objects now: 3966.
Total: 3.262300 ms (FindLiveObjects: 0.324600 ms CreateObjectMapping: 0.178400 ms MarkObjects: 2.389500 ms  DeleteObjects: 0.368500 ms)

========================================================================
Received Prepare
Registering precompiled user dll's ...
Registered in 0.006698 seconds.
Begin MonoManager ReloadAssembly
Native extension for WindowsStandalone target not found
Refreshing native plugins compatible for Editor in 0.84 ms, found 2 plugins.
Preloading 0 native plugins for Editor in 0.00 ms.
Mono: successfully reloaded assembly
- Completed reload, in  1.652 seconds
Platform modules already initialized, skipping
Refreshing native plugins compatible for Editor in 0.79 ms, found 2 plugins.
Preloading 0 native plugins for Editor in 0.00 ms.
Unloading 3419 Unused Serialized files (Serialized files now loaded: 0)
System memory in use before: 135.3 MB.
System memory in use after: 134.7 MB.

Unloading 30 unused Assets to reduce memory usage. Loaded Objects now: 3970.
Total: 4.200300 ms (FindLiveObjects: 0.336500 ms CreateObjectMapping: 0.174000 ms MarkObjects: 3.040600 ms  DeleteObjects: 0.647100 ms)

========================================================================
Received Prepare
Registering precompiled user dll's ...
Registered in 0.003769 seconds.
Begin MonoManager ReloadAssembly
Native extension for WindowsStandalone target not found
Refreshing native plugins compatible for Editor in 0.76 ms, found 2 plugins.
Preloading 0 native plugins for Editor in 0.00 ms.
Mono: successfully reloaded assembly
- Completed reload, in  1.636 seconds
Platform modules already initialized, skipping
Refreshing native plugins compatible for Editor in 1.15 ms, found 2 plugins.
Preloading 0 native plugins for Editor in 0.00 ms.
Unloading 3419 Unused Serialized files (Serialized files now loaded: 0)
System memory in use before: 135.3 MB.
System memory in use after: 134.8 MB.

Unloading 30 unused Assets to reduce memory usage. Loaded Objects now: 3974.
Total: 5.259500 ms (FindLiveObjects: 0.326700 ms CreateObjectMapping: 0.177900 ms MarkObjects: 4.176100 ms  DeleteObjects: 0.576900 ms)

========================================================================
Received Prepare
Registering precompiled user dll's ...
Registered in 0.008759 seconds.
Begin MonoManager ReloadAssembly
Native extension for WindowsStandalone target not found
Refreshing native plugins compatible for Editor in 1.23 ms, found 2 plugins.
Preloading 0 native plugins for Editor in 0.00 ms.
Mono: successfully reloaded assembly
- Completed reload, in  2.475 seconds
Platform modules already initialized, skipping
Refreshing native plugins compatible for Editor in 1.33 ms, found 2 plugins.
Preloading 0 native plugins for Editor in 0.00 ms.
Unloading 3420 Unused Serialized files (Serialized files now loaded: 0)
System memory in use before: 135.3 MB.
System memory in use after: 134.8 MB.

Unloading 30 unused Assets to reduce memory usage. Loaded Objects now: 3979.
Total: 5.769600 ms (FindLiveObjects: 0.401100 ms CreateObjectMapping: 0.560300 ms MarkObjects: 4.410500 ms  DeleteObjects: 0.396200 ms)

========================================================================
Received Prepare
Registering precompiled user dll's ...
Registered in 0.004363 seconds.
Begin MonoManager ReloadAssembly
Native extension for WindowsStandalone target not found
Refreshing native plugins compatible for Editor in 0.93 ms, found 2 plugins.
Preloading 0 native plugins for Editor in 0.00 ms.
Mono: successfully reloaded assembly
- Completed reload, in  1.551 seconds
Platform modules already initialized, skipping
Refreshing native plugins compatible for Editor in 0.82 ms, found 2 plugins.
Preloading 0 native plugins for Editor in 0.00 ms.
Unloading 3420 Unused Serialized files (Serialized files now loaded: 0)
System memory in use before: 135.3 MB.
System memory in use after: 134.8 MB.

Unloading 30 unused Assets to reduce memory usage. Loaded Objects now: 3983.
Total: 7.749200 ms (FindLiveObjects: 0.508200 ms CreateObjectMapping: 0.392700 ms MarkObjects: 5.045400 ms  DeleteObjects: 1.800000 ms)

========================================================================
Received Import Request.
  Time since last request: 3180.919854 seconds.
  path: Assets/Scripts/MainMenu.cs
  artifactKey: Guid(f6e2bbc5db695744f89d1747d362ef37) Importer(815301076,1909f56bfc062723c751e8b465ee728b)
Start importing Assets/Scripts/MainMenu.cs using Guid(f6e2bbc5db695744f89d1747d362ef37) Importer(815301076,1909f56bfc062723c751e8b465ee728b)  -> (artifact id: '3089b0cc083b794a03ae52354cb63073') in 0.075062 seconds 
========================================================================
Received Prepare
Registering precompiled user dll's ...
Registered in 0.005084 seconds.
Begin MonoManager ReloadAssembly
Native extension for WindowsStandalone target not found
Refreshing native plugins compatible for Editor in 0.84 ms, found 2 plugins.
Preloading 0 native plugins for Editor in 0.00 ms.
Mono: successfully reloaded assembly
- Completed reload, in  1.639 seconds
Platform modules already initialized, skipping
Refreshing native plugins compatible for Editor in 3.08 ms, found 2 plugins.
Preloading 0 native plugins for Editor in 0.00 ms.
Unloading 3420 Unused Serialized files (Serialized files now loaded: 0)
System memory in use before: 135.3 MB.
System memory in use after: 134.8 MB.

Unloading 30 unused Assets to reduce memory usage. Loaded Objects now: 3987.
Total: 7.111900 ms (FindLiveObjects: 0.581300 ms CreateObjectMapping: 0.266900 ms MarkObjects: 4.690400 ms  DeleteObjects: 1.570200 ms)

========================================================================
Received Prepare
Registering precompiled user dll's ...
Registered in 0.004553 seconds.
Begin MonoManager ReloadAssembly
Native extension for WindowsStandalone target not found
Refreshing native plugins compatible for Editor in 2.77 ms, found 2 plugins.
Preloading 0 native plugins for Editor in 0.00 ms.
Mono: successfully reloaded assembly
- Completed reload, in  6.830 seconds
Platform modules already initialized, skipping
Refreshing native plugins compatible for Editor in 1.30 ms, found 2 plugins.
Preloading 0 native plugins for Editor in 0.00 ms.
Unloading 3420 Unused Serialized files (Serialized files now loaded: 0)
System memory in use before: 135.4 MB.
System memory in use after: 134.8 MB.

Unloading 30 unused Assets to reduce memory usage. Loaded Objects now: 3991.
Total: 10.890300 ms (FindLiveObjects: 0.524100 ms CreateObjectMapping: 2.528700 ms MarkObjects: 7.331200 ms  DeleteObjects: 0.504100 ms)

========================================================================
Received Prepare
Registering precompiled user dll's ...
Registered in 0.004589 seconds.
Begin MonoManager ReloadAssembly
Native extension for WindowsStandalone target not found
Refreshing native plugins compatible for Editor in 0.79 ms, found 2 plugins.
Preloading 0 native plugins for Editor in 0.00 ms.
Mono: successfully reloaded assembly
- Completed reload, in  1.712 seconds
Platform modules already initialized, skipping
Refreshing native plugins compatible for Editor in 0.85 ms, found 2 plugins.
Preloading 0 native plugins for Editor in 0.00 ms.
Unloading 3420 Unused Serialized files (Serialized files now loaded: 0)
System memory in use before: 135.4 MB.
System memory in use after: 134.8 MB.

Unloading 30 unused Assets to reduce memory usage. Loaded Objects now: 3995.
Total: 8.604100 ms (FindLiveObjects: 0.767400 ms CreateObjectMapping: 1.776600 ms MarkObjects: 5.513200 ms  DeleteObjects: 0.544900 ms)

========================================================================
Received Prepare
Registering precompiled user dll's ...
Registered in 0.002855 seconds.
Begin MonoManager ReloadAssembly
Native extension for WindowsStandalone target not found
Refreshing native plugins compatible for Editor in 0.73 ms, found 2 plugins.
Preloading 0 native plugins for Editor in 0.00 ms.
Mono: successfully reloaded assembly
- Completed reload, in  1.517 seconds
Platform modules already initialized, skipping
Refreshing native plugins compatible for Editor in 0.74 ms, found 2 plugins.
Preloading 0 native plugins for Editor in 0.00 ms.
Unloading 3420 Unused Serialized files (Serialized files now loaded: 0)
System memory in use before: 135.4 MB.
System memory in use after: 134.8 MB.

Unloading 30 unused Assets to reduce memory usage. Loaded Objects now: 3999.
Total: 3.264700 ms (FindLiveObjects: 0.318900 ms CreateObjectMapping: 0.179300 ms MarkObjects: 2.400100 ms  DeleteObjects: 0.365000 ms)

========================================================================
Received Prepare
Refreshing native plugins compatible for Editor in 3.12 ms, found 2 plugins.
Preloading 0 native plugins for Editor in 0.00 ms.
Unloading 28 Unused Serialized files (Serialized files now loaded: 0)
System memory in use before: 68.2 MB.
System memory in use after: 67.6 MB.

Unloading 28 unused Assets to reduce memory usage. Loaded Objects now: 3999.
Total: 4.499700 ms (FindLiveObjects: 0.474400 ms CreateObjectMapping: 0.282900 ms MarkObjects: 3.313500 ms  DeleteObjects: 0.426600 ms)

========================================================================
Received Prepare
Refreshing native plugins compatible for Editor in 3.05 ms, found 2 plugins.
Preloading 0 native plugins for Editor in 0.00 ms.
Unloading 28 Unused Serialized files (Serialized files now loaded: 0)
System memory in use before: 68.2 MB.
System memory in use after: 67.7 MB.

Unloading 28 unused Assets to reduce memory usage. Loaded Objects now: 3999.
Total: 4.426500 ms (FindLiveObjects: 0.446900 ms CreateObjectMapping: 0.206100 ms MarkObjects: 3.379000 ms  DeleteObjects: 0.392600 ms)

========================================================================
Received Prepare
Registering precompiled user dll's ...
Registered in 0.003530 seconds.
Begin MonoManager ReloadAssembly
Native extension for WindowsStandalone target not found
Refreshing native plugins compatible for Editor in 0.89 ms, found 2 plugins.
Preloading 0 native plugins for Editor in 0.00 ms.
Mono: successfully reloaded assembly
- Completed reload, in  1.632 seconds
Platform modules already initialized, skipping
Refreshing native plugins compatible for Editor in 0.97 ms, found 2 plugins.
Preloading 0 native plugins for Editor in 0.00 ms.
Unloading 3420 Unused Serialized files (Serialized files now loaded: 0)
System memory in use before: 135.4 MB.
System memory in use after: 134.9 MB.

Unloading 30 unused Assets to reduce memory usage. Loaded Objects now: 4003.
Total: 5.167000 ms (FindLiveObjects: 0.512500 ms CreateObjectMapping: 0.170100 ms MarkObjects: 3.912000 ms  DeleteObjects: 0.570900 ms)

========================================================================
Received Prepare
Refreshing native plugins compatible for Editor in 3.57 ms, found 2 plugins.
Preloading 0 native plugins for Editor in 0.00 ms.
Unloading 28 Unused Serialized files (Serialized files now loaded: 0)
System memory in use before: 68.2 MB.
System memory in use after: 67.7 MB.

Unloading 28 unused Assets to reduce memory usage. Loaded Objects now: 4003.
Total: 3.508300 ms (FindLiveObjects: 0.301600 ms CreateObjectMapping: 0.171500 ms MarkObjects: 2.653600 ms  DeleteObjects: 0.380000 ms)

========================================================================
Received Prepare
Refreshing native plugins compatible for Editor in 3.05 ms, found 2 plugins.
Preloading 0 native plugins for Editor in 0.00 ms.
Unloading 28 Unused Serialized files (Serialized files now loaded: 0)
System memory in use before: 68.2 MB.
System memory in use after: 67.7 MB.

Unloading 28 unused Assets to reduce memory usage. Loaded Objects now: 4003.
Total: 6.095200 ms (FindLiveObjects: 0.480000 ms CreateObjectMapping: 0.352300 ms MarkObjects: 4.862000 ms  DeleteObjects: 0.398800 ms)

========================================================================
Received Prepare
Registering precompiled user dll's ...
Registered in 0.003061 seconds.
Begin MonoManager ReloadAssembly
Native extension for WindowsStandalone target not found
Refreshing native plugins compatible for Editor in 0.88 ms, found 2 plugins.
Preloading 0 native plugins for Editor in 0.00 ms.
Mono: successfully reloaded assembly
- Completed reload, in  4.075 seconds
Platform modules already initialized, skipping
Refreshing native plugins compatible for Editor in 0.95 ms, found 2 plugins.
Preloading 0 native plugins for Editor in 0.00 ms.
Unloading 3420 Unused Serialized files (Serialized files now loaded: 0)
System memory in use before: 135.4 MB.
System memory in use after: 134.9 MB.

Unloading 30 unused Assets to reduce memory usage. Loaded Objects now: 4007.
Total: 4.423000 ms (FindLiveObjects: 0.455500 ms CreateObjectMapping: 0.180000 ms MarkObjects: 3.353100 ms  DeleteObjects: 0.431900 ms)

========================================================================
Received Prepare
Registering precompiled user dll's ...
Registered in 0.002785 seconds.
Begin MonoManager ReloadAssembly
Native extension for WindowsStandalone target not found
Refreshing native plugins compatible for Editor in 1.13 ms, found 2 plugins.
Preloading 0 native plugins for Editor in 0.00 ms.
Mono: successfully reloaded assembly
- Completed reload, in  1.333 seconds
Platform modules already initialized, skipping
Refreshing native plugins compatible for Editor in 0.77 ms, found 2 plugins.
Preloading 0 native plugins for Editor in 0.00 ms.
Unloading 3420 Unused Serialized files (Serialized files now loaded: 0)
System memory in use before: 135.4 MB.
System memory in use after: 134.9 MB.

Unloading 30 unused Assets to reduce memory usage. Loaded Objects now: 4011.
Total: 3.898800 ms (FindLiveObjects: 0.450200 ms CreateObjectMapping: 0.345700 ms MarkObjects: 2.685900 ms  DeleteObjects: 0.415200 ms)

========================================================================
Received Prepare
Refreshing native plugins compatible for Editor in 3.79 ms, found 2 plugins.
Preloading 0 native plugins for Editor in 0.00 ms.
Unloading 28 Unused Serialized files (Serialized files now loaded: 0)
System memory in use before: 68.2 MB.
System memory in use after: 67.7 MB.

Unloading 28 unused Assets to reduce memory usage. Loaded Objects now: 4011.
Total: 3.354600 ms (FindLiveObjects: 0.335700 ms CreateObjectMapping: 0.176200 ms MarkObjects: 2.248600 ms  DeleteObjects: 0.591700 ms)

AssetImportWorkerClient::OnTransportError - code=2 error=End of file
